1445997829109|10|0|rollback||
1445997829260|8|1|rollback||
1445997934979|10|1|statement||select
							distinct
							cd_partner 	as user_id,
		    				ln_partner 	as user_nm,
		    			 
		    					STA_CREDIT	as auth_info
		    				 
		from neoe.ma_partner		
		 
						where 1 = 1
							and cd_partner = '990515'
		    				and no_merchant = '7475787s'
		    				and cd_company = '1000'
1445997935036|7|1|commit||
1445997935044|7|1|rollback||
1445997935284|9|1|statement||SELECT	MSG_SEQ,
					CD_PARTNER,
					DT_MSG_START,
					DT_MSG_END,
					TITLE_MSG,
					TXT_MSG,
					CHK_YN,
					QTY_READ,
					CONVERT( DATE, DT_INSERT) AS DT_INSERT
		FROM		BOS.dbo.PUR_MSG
		WHERE	1 = 1
		 AND (CD_PARTNER IS NULL OR CD_PARTNER = '')  
		ORDER BY MSG_SEQ DESC
1445997935320|7|1|commit||
1445997935328|7|1|rollback||
1445997935355|10|2|statement||SELECT	MSG_SEQ,
					CD_PARTNER,
					DT_MSG_START,
					DT_MSG_END,
					TITLE_MSG,
					TXT_MSG,
					CHK_YN,
					QTY_READ,
					CONVERT( DATE, DT_INSERT) AS DT_INSERT
		FROM		BOS.dbo.PUR_MSG
		WHERE	1 = 1
		 AND     CD_PARTNER = '990515' 
		ORDER BY MSG_SEQ DESC
1445997935380|8|2|commit||
1445997935388|8|2|rollback||
1445997935419|23|1|statement||SELECT  
					(
						SELECT LN_PARTNER + ' - ' +  convert(nvarchar(2), month(getdate())) + '¿ù'
						FROM NEOE.MA_PARTNER AS PINFO
						WHERE CD_COMPANY = '1000' 
						AND A.CD_PARTNER = PINFO.CD_PARTNER
					) AS CD_PARTNER,
					C_NO_PO_1, Expr1_1, C_NO_PO_2, Expr1_2 
		FROM
		(
			SELECT	NEOE.PU_POH.CD_PARTNER AS CD_PARTNER,
						COUNT(NEOE.PU_POH.NO_PO) AS C_NO_PO_1, 
						SUM(CPU_POL.CNO_LINE) AS Expr1_1
			FROM		NEOE.PU_POH LEFT OUTER JOIN
						(
							SELECT	NO_PO, 
										COUNT(NO_LINE) AS CNO_LINE  
							FROM		NEOE.PU_POL 
							GROUP BY NO_PO
						) AS CPU_POL 
						ON NEOE.PU_POH.NO_PO = CPU_POL.NO_PO
			WHERE	
					  	NEOE.PU_POH.CD_COMPANY = '1000' 
					  	AND	NEOE.PU_POH.CD_PLANT = '2000'
						AND	NEOE.PU_POH.DT_PO BETWEEN CONVERT(NVARCHAR(8), GETDATE()-7, 112) AND CONVERT(NVARCHAR(8), GETDATE(), 112)
						 AND	NEOE.PU_POH.CD_PARTNER = '990515' 		  	
			GROUP BY	NEOE.PU_POH.CD_PARTNER
		) A LEFT OUTER JOIN 
		(
			SELECT	NEOE.PU_POH.CD_PARTNER AS CD_PARTNER,
						COUNT(NEOE.PU_POH.NO_PO) AS C_NO_PO_2,
						SUM(CPU_POL.CNO_LINE) AS Expr1_2
			FROM		NEOE.PU_POH LEFT OUTER JOIN
						(
							SELECT NO_PO, COUNT(NO_LINE) AS CNO_LINE  
							FROM  NEOE.PU_POL 
		             		WHERE CD_USERDEF1 IS NULL 
		             		GROUP BY NO_PO
		             	) AS CPU_POL 
		             	ON NEOE.PU_POH.NO_PO = CPU_POL.NO_PO
			WHERE   
						NEOE.PU_POH.TXT_USERDEF1 IS NULL 
						AND	NEOE.PU_POH.CD_COMPANY = '1000' 
						AND	NEOE.PU_POH.CD_PLANT = '2000'
						AND	NEOE.PU_POH.DT_PO BETWEEN CONVERT(NVARCHAR(8), GETDATE()-7, 112) AND CONVERT(NVARCHAR(8), GETDATE(), 112)
						 AND	NEOE.PU_POH.CD_PARTNER = '990515' 
			GROUP BY NEOE.PU_POH.CD_PARTNER
		) B
		ON A.CD_PARTNER = B.CD_PARTNER
1445997935443|7|1|commit||
1445997935450|7|1|rollback||
